android/build/intermediates/manifest_merge_blame_file/debug/manifest-merger-blame-debug-report.txt
1<?xml version="1.0" encoding="utf-8"?>
2<manifest xmlns:android="http://schemas.android.com/apk/res/android"
3    package="com.rnbiometrics" >
4
5    <uses-sdk
6        android:minSdkVersion="21"
6-->src/main/AndroidManifest.xml
7        android:targetSdkVersion="30" />
7-->src/main/AndroidManifest.xml
8
9    <uses-permission android:name="android.permission.USE_BIOMETRIC" />
9-->src/main/AndroidManifest.xml:4:5-72
9-->src/main/AndroidManifest.xml:4:22-69
10    <uses-permission android:name="android.permission.USE_FINGERPRINT" />
10-->src/main/AndroidManifest.xml:5:5-74
10-->src/main/AndroidManifest.xml:5:22-71
11
12</manifest>